<?xml version="1.0" encoding="UTF-8"?>
<!-- Generated by org.testng.reporters.JUnitXMLReporter -->
<testsuite ignored="1" hostname="TYSS-Kishore-Gopi" failures="1" tests="1" name="Error Validation Test" time="23.447" errors="0" timestamp="2024-07-05T16:49:35 IST">
  <testcase classname="testCases.TestCase_1" name="errorMsg_Positive" time="10.821">
    <failure type="java.lang.AssertionError" message="expected [Please  your name] but found [Please enter your name]">
      <![CDATA[java.lang.AssertionError: expected [Please  your name] but found [Please enter your name]
at testCases.TestCase_1.errorMsg_Positive(TestCase_1.java:30)
at java.base/java.util.ArrayList.forEach(ArrayList.java:1511)
... Removed 33 stack frames]]>
    </failure>
  </testcase> <!-- errorMsg_Positive -->
  <testcase classname="testCases.TestCase_1" name="errorMsg_Negative" time="0.0">
    <ignored/>
  </testcase> <!-- errorMsg_Negative -->
</testsuite> <!-- Error Validation Test -->
